2021-06-07 17:10:00.219  INFO 21830 --- [main] com.cargo.TranspControllerTest           : Starting TranspControllerTest using Java 1.8.0_282 on bygaga with PID 21830 (started by bygaga in /home/bygaga/javaProjects/cargo)
2021-06-07 17:10:00.226  INFO 21830 --- [main] com.cargo.TranspControllerTest           : No active profile set, falling back to default profiles: default
2021-06-07 17:10:01.344  INFO 21830 --- [main] .s.d.r.c.RepositoryConfigurationDelegate : Bootstrapping Spring Data JPA repositories in DEFAULT mode.
2021-06-07 17:10:01.421  INFO 21830 --- [main] .s.d.r.c.RepositoryConfigurationDelegate : Finished Spring Data repository scanning in 64 ms. Found 3 JPA repository interfaces.
2021-06-07 17:10:01.887  INFO 21830 --- [main] trationDelegate$BeanPostProcessorChecker : Bean 'org.springframework.security.access.expression.method.DefaultMethodSecurityExpressionHandler@455824ad' of type [org.springframework.security.access.expression.method.DefaultMethodSecurityExpressionHandler] is not eligible for getting processed by all BeanPostProcessors (for example: not eligible for auto-proxying)
2021-06-07 17:10:01.902  INFO 21830 --- [main] trationDelegate$BeanPostProcessorChecker : Bean 'methodSecurityMetadataSource' of type [org.springframework.security.access.method.DelegatingMethodSecurityMetadataSource] is not eligible for getting processed by all BeanPostProcessors (for example: not eligible for auto-proxying)
2021-06-07 17:10:02.111  INFO 21830 --- [main] com.zaxxer.hikari.HikariDataSource       : HikariPool-1 - Starting...
2021-06-07 17:10:02.361  INFO 21830 --- [main] com.zaxxer.hikari.HikariDataSource       : HikariPool-1 - Start completed.
2021-06-07 17:10:02.435  INFO 21830 --- [main] o.hibernate.jpa.internal.util.LogHelper  : HHH000204: Processing PersistenceUnitInfo [name: default]
2021-06-07 17:10:02.550  INFO 21830 --- [main] org.hibernate.Version                    : HHH000412: Hibernate ORM core version 5.4.29.Final
2021-06-07 17:10:02.759  INFO 21830 --- [main] o.hibernate.annotations.common.Version   : HCANN000001: Hibernate Commons Annotations {5.1.2.Final}
2021-06-07 17:10:02.932  INFO 21830 --- [main] org.hibernate.dialect.Dialect            : HHH000400: Using dialect: org.hibernate.dialect.MySQL57Dialect
2021-06-07 17:10:03.672  INFO 21830 --- [main] o.h.e.t.j.p.i.JtaPlatformInitiator       : HHH000490: Using JtaPlatform implementation: [org.hibernate.engine.transaction.jta.platform.internal.NoJtaPlatform]
2021-06-07 17:10:03.682  INFO 21830 --- [main] j.LocalContainerEntityManagerFactoryBean : Initialized JPA EntityManagerFactory for persistence unit 'default'
2021-06-07 17:10:03.801  WARN 21830 --- [main] JpaBaseConfiguration$JpaWebConfiguration : spring.jpa.open-in-view is enabled by default. Therefore, database queries may be performed during view rendering. Explicitly configure spring.jpa.open-in-view to disable this warning
2021-06-07 17:10:04.714  INFO 21830 --- [main] o.s.s.web.DefaultSecurityFilterChain     : Will secure any request with [org.springframework.security.web.context.request.async.WebAsyncManagerIntegrationFilter@1a43a88e, org.springframework.security.web.context.SecurityContextPersistenceFilter@3fc1abf, org.springframework.security.web.header.HeaderWriterFilter@1ad1b737, org.springframework.security.web.csrf.CsrfFilter@10166230, org.springframework.security.web.authentication.logout.LogoutFilter@64f3991e, org.springframework.security.web.authentication.UsernamePasswordAuthenticationFilter@14dbfdb1, org.springframework.security.web.savedrequest.RequestCacheAwareFilter@e7b0bec, org.springframework.security.web.servletapi.SecurityContextHolderAwareRequestFilter@6efd0a6e, org.springframework.security.web.authentication.AnonymousAuthenticationFilter@51f34185, org.springframework.security.web.session.SessionManagementFilter@77d0dbba, org.springframework.security.web.access.ExceptionTranslationFilter@58636b50, org.springframework.security.web.access.intercept.FilterSecurityInterceptor@ff2266c]
2021-06-07 17:10:05.312  INFO 21830 --- [main] o.s.s.concurrent.ThreadPoolTaskExecutor  : Initializing ExecutorService 'applicationTaskExecutor'
2021-06-07 17:10:05.858  INFO 21830 --- [main] o.s.b.t.m.w.SpringBootMockServletContext : Initializing Spring TestDispatcherServlet ''
2021-06-07 17:10:05.859  INFO 21830 --- [main] o.s.t.web.servlet.TestDispatcherServlet  : Initializing Servlet ''
2021-06-07 17:10:05.861  INFO 21830 --- [main] o.s.t.web.servlet.TestDispatcherServlet  : Completed initialization in 2 ms
2021-06-07 17:10:05.890  INFO 21830 --- [main] com.cargo.TranspControllerTest           : Started TranspControllerTest in 6.155 seconds (JVM running for 7.86)
2021-06-07 17:10:06.875  INFO 21830 --- [SpringContextShutdownHook] o.s.s.concurrent.ThreadPoolTaskExecutor  : Shutting down ExecutorService 'applicationTaskExecutor'
2021-06-07 17:10:06.878  INFO 21830 --- [SpringContextShutdownHook] j.LocalContainerEntityManagerFactoryBean : Closing JPA EntityManagerFactory for persistence unit 'default'
2021-06-07 17:10:06.880  INFO 21830 --- [SpringContextShutdownHook] com.zaxxer.hikari.HikariDataSource       : HikariPool-1 - Shutdown initiated...
2021-06-07 17:10:06.891  INFO 21830 --- [SpringContextShutdownHook] com.zaxxer.hikari.HikariDataSource       : HikariPool-1 - Shutdown completed.
2021-06-07 17:11:31.672  INFO 21903 --- [restartedMain] com.cargo.Application                    : Starting Application using Java 1.8.0_282 on bygaga with PID 21903 (/home/bygaga/javaProjects/cargo/target/classes started by bygaga in /home/bygaga/javaProjects/cargo)
2021-06-07 17:11:31.676  INFO 21903 --- [restartedMain] com.cargo.Application                    : No active profile set, falling back to default profiles: default
2021-06-07 17:11:31.746  INFO 21903 --- [restartedMain] .e.DevToolsPropertyDefaultsPostProcessor : Devtools property defaults active! Set 'spring.devtools.add-properties' to 'false' to disable
2021-06-07 17:11:31.749  INFO 21903 --- [restartedMain] .e.DevToolsPropertyDefaultsPostProcessor : For additional web related logging consider setting the 'logging.level.web' property to 'DEBUG'
2021-06-07 17:11:32.500  INFO 21903 --- [restartedMain] .s.d.r.c.RepositoryConfigurationDelegate : Bootstrapping Spring Data JPA repositories in DEFAULT mode.
2021-06-07 17:11:32.559  INFO 21903 --- [restartedMain] .s.d.r.c.RepositoryConfigurationDelegate : Finished Spring Data repository scanning in 53 ms. Found 3 JPA repository interfaces.
2021-06-07 17:11:32.777  INFO 21903 --- [restartedMain] trationDelegate$BeanPostProcessorChecker : Bean 'org.springframework.security.access.expression.method.DefaultMethodSecurityExpressionHandler@1f345cdf' of type [org.springframework.security.access.expression.method.DefaultMethodSecurityExpressionHandler] is not eligible for getting processed by all BeanPostProcessors (for example: not eligible for auto-proxying)
2021-06-07 17:11:32.780  INFO 21903 --- [restartedMain] trationDelegate$BeanPostProcessorChecker : Bean 'methodSecurityMetadataSource' of type [org.springframework.security.access.method.DelegatingMethodSecurityMetadataSource] is not eligible for getting processed by all BeanPostProcessors (for example: not eligible for auto-proxying)
2021-06-07 17:11:32.994  INFO 21903 --- [restartedMain] o.s.b.w.embedded.tomcat.TomcatWebServer  : Tomcat initialized with port(s): 8080 (http)
2021-06-07 17:11:33.003  INFO 21903 --- [restartedMain] o.apache.catalina.core.StandardService   : Starting service [Tomcat]
2021-06-07 17:11:33.003  INFO 21903 --- [restartedMain] org.apache.catalina.core.StandardEngine  : Starting Servlet engine: [Apache Tomcat/9.0.44]
2021-06-07 17:11:33.054  INFO 21903 --- [restartedMain] o.a.c.c.C.[Tomcat].[localhost].[/]       : Initializing Spring embedded WebApplicationContext
2021-06-07 17:11:33.054  INFO 21903 --- [restartedMain] w.s.c.ServletWebServerApplicationContext : Root WebApplicationContext: initialization completed in 1302 ms
2021-06-07 17:11:33.144  INFO 21903 --- [restartedMain] com.zaxxer.hikari.HikariDataSource       : HikariPool-1 - Starting...
2021-06-07 17:11:33.374  INFO 21903 --- [restartedMain] com.zaxxer.hikari.HikariDataSource       : HikariPool-1 - Start completed.
2021-06-07 17:11:33.405  INFO 21903 --- [restartedMain] o.hibernate.jpa.internal.util.LogHelper  : HHH000204: Processing PersistenceUnitInfo [name: default]
2021-06-07 17:11:33.433  INFO 21903 --- [restartedMain] org.hibernate.Version                    : HHH000412: Hibernate ORM core version 5.4.29.Final
2021-06-07 17:11:33.509  INFO 21903 --- [restartedMain] o.hibernate.annotations.common.Version   : HCANN000001: Hibernate Commons Annotations {5.1.2.Final}
2021-06-07 17:11:33.574  INFO 21903 --- [restartedMain] org.hibernate.dialect.Dialect            : HHH000400: Using dialect: org.hibernate.dialect.MySQL57Dialect
2021-06-07 17:11:34.037  INFO 21903 --- [restartedMain] o.h.e.t.j.p.i.JtaPlatformInitiator       : HHH000490: Using JtaPlatform implementation: [org.hibernate.engine.transaction.jta.platform.internal.NoJtaPlatform]
2021-06-07 17:11:34.043  INFO 21903 --- [restartedMain] j.LocalContainerEntityManagerFactoryBean : Initialized JPA EntityManagerFactory for persistence unit 'default'
2021-06-07 17:11:34.079  WARN 21903 --- [restartedMain] JpaBaseConfiguration$JpaWebConfiguration : spring.jpa.open-in-view is enabled by default. Therefore, database queries may be performed during view rendering. Explicitly configure spring.jpa.open-in-view to disable this warning
2021-06-07 17:11:34.657  INFO 21903 --- [restartedMain] o.s.s.web.DefaultSecurityFilterChain     : Will secure any request with [org.springframework.security.web.context.request.async.WebAsyncManagerIntegrationFilter@341c8006, org.springframework.security.web.context.SecurityContextPersistenceFilter@40c0281e, org.springframework.security.web.header.HeaderWriterFilter@2e926a6f, org.springframework.security.web.csrf.CsrfFilter@4ca214d8, org.springframework.security.web.authentication.logout.LogoutFilter@749b1fb9, org.springframework.security.web.authentication.UsernamePasswordAuthenticationFilter@5bf654a5, org.springframework.security.web.savedrequest.RequestCacheAwareFilter@282f04d7, org.springframework.security.web.servletapi.SecurityContextHolderAwareRequestFilter@53626f06, org.springframework.security.web.authentication.AnonymousAuthenticationFilter@27ebd101, org.springframework.security.web.session.SessionManagementFilter@12a54af8, org.springframework.security.web.access.ExceptionTranslationFilter@260fbcad, org.springframework.security.web.access.intercept.FilterSecurityInterceptor@477038a8]
2021-06-07 17:11:34.739  INFO 21903 --- [restartedMain] o.s.s.concurrent.ThreadPoolTaskExecutor  : Initializing ExecutorService 'applicationTaskExecutor'
2021-06-07 17:11:34.943  INFO 21903 --- [restartedMain] o.s.b.d.a.OptionalLiveReloadServer       : LiveReload server is running on port 35729
2021-06-07 17:11:34.972  INFO 21903 --- [restartedMain] o.s.b.w.embedded.tomcat.TomcatWebServer  : Tomcat started on port(s): 8080 (http) with context path ''
2021-06-07 17:11:34.981  INFO 21903 --- [restartedMain] com.cargo.Application                    : Started Application in 3.773 seconds (JVM running for 4.701)
2021-06-07 17:11:59.033  INFO 21903 --- [http-nio-8080-exec-1] o.a.c.c.C.[Tomcat].[localhost].[/]       : Initializing Spring DispatcherServlet 'dispatcherServlet'
2021-06-07 17:11:59.033  INFO 21903 --- [http-nio-8080-exec-1] o.s.web.servlet.DispatcherServlet        : Initializing Servlet 'dispatcherServlet'
2021-06-07 17:11:59.034  INFO 21903 --- [http-nio-8080-exec-1] o.s.web.servlet.DispatcherServlet        : Completed initialization in 1 ms
2021-06-07 17:12:09.422  INFO 21903 --- [http-nio-8080-exec-10] com.cargo.controller.TranspController    : User user has visited his orders page
2021-06-07 17:12:12.164  INFO 21903 --- [http-nio-8080-exec-1] com.cargo.controller.UserController      : User profile page was visited by user user
2021-06-07 17:12:31.706  INFO 21903 --- [SpringContextShutdownHook] o.s.s.concurrent.ThreadPoolTaskExecutor  : Shutting down ExecutorService 'applicationTaskExecutor'
2021-06-07 17:12:31.708  INFO 21903 --- [SpringContextShutdownHook] j.LocalContainerEntityManagerFactoryBean : Closing JPA EntityManagerFactory for persistence unit 'default'
2021-06-07 17:12:31.711  INFO 21903 --- [SpringContextShutdownHook] com.zaxxer.hikari.HikariDataSource       : HikariPool-1 - Shutdown initiated...
2021-06-07 17:12:31.717  INFO 21903 --- [SpringContextShutdownHook] com.zaxxer.hikari.HikariDataSource       : HikariPool-1 - Shutdown completed.
